[Mon, 03 Mar 14 11:29:11 +0100][ERROR] Undefined variable: tags /Applications/MAMP/htdocs/openexam-mvc/apps/teachers/controllers/IndexController.php:17
[Mon, 03 Mar 14 11:29:11 +0100][ERROR] Undefined variable: tags /Applications/MAMP/htdocs/openexam-mvc/var/volt/%%applications%%mamp%%htdocs%%openexam-mvc%%apps%%teachers%%views%%index%%index.volt.php:9
[Mon, 03 Mar 14 11:29:11 +0100][ERROR] Invalid argument supplied for foreach() /Applications/MAMP/htdocs/openexam-mvc/var/volt/%%applications%%mamp%%htdocs%%openexam-mvc%%apps%%teachers%%views%%index%%index.volt.php:9
[Mon, 03 Mar 14 11:29:11 +0100][ERROR] Undefined variable: albums /Applications/MAMP/htdocs/openexam-mvc/var/volt/%%applications%%mamp%%htdocs%%openexam-mvc%%apps%%teachers%%views%%partials%%album-list.volt.php:5
[Mon, 03 Mar 14 11:29:11 +0100][ERROR] Invalid argument supplied for foreach() /Applications/MAMP/htdocs/openexam-mvc/var/volt/%%applications%%mamp%%htdocs%%openexam-mvc%%apps%%teachers%%views%%partials%%album-list.volt.php:5
[Mon, 03 Mar 14 11:47:41 +0100][ERROR] Undefined variable: tags /Applications/MAMP/htdocs/openexam-mvc/apps/teachers/controllers/IndexController.php:17
[Mon, 03 Mar 14 11:47:41 +0100][ERROR] Undefined variable: tags /Applications/MAMP/htdocs/openexam-mvc/var/volt/%%applications%%mamp%%htdocs%%openexam-mvc%%apps%%teachers%%views%%index%%index.volt.php:9
[Mon, 03 Mar 14 11:47:41 +0100][ERROR] Invalid argument supplied for foreach() /Applications/MAMP/htdocs/openexam-mvc/var/volt/%%applications%%mamp%%htdocs%%openexam-mvc%%apps%%teachers%%views%%index%%index.volt.php:9
[Mon, 03 Mar 14 11:47:41 +0100][ERROR] Undefined variable: albums /Applications/MAMP/htdocs/openexam-mvc/var/volt/%%applications%%mamp%%htdocs%%openexam-mvc%%apps%%teachers%%views%%partials%%album-list.volt.php:5
[Mon, 03 Mar 14 11:47:41 +0100][ERROR] Invalid argument supplied for foreach() /Applications/MAMP/htdocs/openexam-mvc/var/volt/%%applications%%mamp%%htdocs%%openexam-mvc%%apps%%teachers%%views%%partials%%album-list.volt.php:5
[Mon, 03 Mar 14 11:47:48 +0100][ERROR] Undefined variable: tags /Applications/MAMP/htdocs/openexam-mvc/apps/teachers/controllers/IndexController.php:17
[Mon, 03 Mar 14 11:47:48 +0100][ERROR] Undefined variable: tags /Applications/MAMP/htdocs/openexam-mvc/var/volt/%%applications%%mamp%%htdocs%%openexam-mvc%%apps%%teachers%%views%%index%%index.volt.php:9
[Mon, 03 Mar 14 11:47:48 +0100][ERROR] Invalid argument supplied for foreach() /Applications/MAMP/htdocs/openexam-mvc/var/volt/%%applications%%mamp%%htdocs%%openexam-mvc%%apps%%teachers%%views%%index%%index.volt.php:9
[Mon, 03 Mar 14 11:47:48 +0100][ERROR] Undefined variable: albums /Applications/MAMP/htdocs/openexam-mvc/var/volt/%%applications%%mamp%%htdocs%%openexam-mvc%%apps%%teachers%%views%%partials%%album-list.volt.php:5
[Mon, 03 Mar 14 11:47:48 +0100][ERROR] Invalid argument supplied for foreach() /Applications/MAMP/htdocs/openexam-mvc/var/volt/%%applications%%mamp%%htdocs%%openexam-mvc%%apps%%teachers%%views%%partials%%album-list.volt.php:5
[Mon, 03 Mar 14 11:47:49 +0100][ERROR] Undefined variable: tags /Applications/MAMP/htdocs/openexam-mvc/apps/teachers/controllers/IndexController.php:17
[Mon, 03 Mar 14 11:47:49 +0100][ERROR] Undefined variable: tags /Applications/MAMP/htdocs/openexam-mvc/var/volt/%%applications%%mamp%%htdocs%%openexam-mvc%%apps%%teachers%%views%%index%%index.volt.php:9
[Mon, 03 Mar 14 11:47:49 +0100][ERROR] Invalid argument supplied for foreach() /Applications/MAMP/htdocs/openexam-mvc/var/volt/%%applications%%mamp%%htdocs%%openexam-mvc%%apps%%teachers%%views%%index%%index.volt.php:9
[Mon, 03 Mar 14 11:47:49 +0100][ERROR] Undefined variable: albums /Applications/MAMP/htdocs/openexam-mvc/var/volt/%%applications%%mamp%%htdocs%%openexam-mvc%%apps%%teachers%%views%%partials%%album-list.volt.php:5
[Mon, 03 Mar 14 11:47:49 +0100][ERROR] Invalid argument supplied for foreach() /Applications/MAMP/htdocs/openexam-mvc/var/volt/%%applications%%mamp%%htdocs%%openexam-mvc%%apps%%teachers%%views%%partials%%album-list.volt.php:5
[Mon, 03 Mar 14 11:47:49 +0100][ERROR] Undefined variable: tags /Applications/MAMP/htdocs/openexam-mvc/apps/teachers/controllers/IndexController.php:17
[Mon, 03 Mar 14 11:47:49 +0100][ERROR] Undefined variable: tags /Applications/MAMP/htdocs/openexam-mvc/var/volt/%%applications%%mamp%%htdocs%%openexam-mvc%%apps%%teachers%%views%%index%%index.volt.php:9
[Mon, 03 Mar 14 11:47:49 +0100][ERROR] Invalid argument supplied for foreach() /Applications/MAMP/htdocs/openexam-mvc/var/volt/%%applications%%mamp%%htdocs%%openexam-mvc%%apps%%teachers%%views%%index%%index.volt.php:9
[Mon, 03 Mar 14 11:47:49 +0100][ERROR] Undefined variable: albums /Applications/MAMP/htdocs/openexam-mvc/var/volt/%%applications%%mamp%%htdocs%%openexam-mvc%%apps%%teachers%%views%%partials%%album-list.volt.php:5
[Mon, 03 Mar 14 11:47:49 +0100][ERROR] Invalid argument supplied for foreach() /Applications/MAMP/htdocs/openexam-mvc/var/volt/%%applications%%mamp%%htdocs%%openexam-mvc%%apps%%teachers%%views%%partials%%album-list.volt.php:5
[Mon, 03 Mar 14 11:47:53 +0100][ERROR] Undefined variable: tags /Applications/MAMP/htdocs/openexam-mvc/apps/teachers/controllers/IndexController.php:17
[Mon, 03 Mar 14 11:47:53 +0100][ERROR] Undefined variable: tags /Applications/MAMP/htdocs/openexam-mvc/var/volt/%%applications%%mamp%%htdocs%%openexam-mvc%%apps%%teachers%%views%%index%%index.volt.php:9
[Mon, 03 Mar 14 11:47:53 +0100][ERROR] Invalid argument supplied for foreach() /Applications/MAMP/htdocs/openexam-mvc/var/volt/%%applications%%mamp%%htdocs%%openexam-mvc%%apps%%teachers%%views%%index%%index.volt.php:9
[Mon, 03 Mar 14 11:47:53 +0100][ERROR] Undefined variable: albums /Applications/MAMP/htdocs/openexam-mvc/var/volt/%%applications%%mamp%%htdocs%%openexam-mvc%%apps%%teachers%%views%%partials%%album-list.volt.php:5
[Mon, 03 Mar 14 11:47:53 +0100][ERROR] Invalid argument supplied for foreach() /Applications/MAMP/htdocs/openexam-mvc/var/volt/%%applications%%mamp%%htdocs%%openexam-mvc%%apps%%teachers%%views%%partials%%album-list.volt.php:5
[Mon, 03 Mar 14 11:47:54 +0100][ERROR] Undefined variable: tags /Applications/MAMP/htdocs/openexam-mvc/apps/teachers/controllers/IndexController.php:17
[Mon, 03 Mar 14 11:47:54 +0100][ERROR] Undefined variable: tags /Applications/MAMP/htdocs/openexam-mvc/var/volt/%%applications%%mamp%%htdocs%%openexam-mvc%%apps%%teachers%%views%%index%%index.volt.php:9
[Mon, 03 Mar 14 11:47:54 +0100][ERROR] Invalid argument supplied for foreach() /Applications/MAMP/htdocs/openexam-mvc/var/volt/%%applications%%mamp%%htdocs%%openexam-mvc%%apps%%teachers%%views%%index%%index.volt.php:9
[Mon, 03 Mar 14 11:47:54 +0100][ERROR] Undefined variable: albums /Applications/MAMP/htdocs/openexam-mvc/var/volt/%%applications%%mamp%%htdocs%%openexam-mvc%%apps%%teachers%%views%%partials%%album-list.volt.php:5
[Mon, 03 Mar 14 11:47:54 +0100][ERROR] Invalid argument supplied for foreach() /Applications/MAMP/htdocs/openexam-mvc/var/volt/%%applications%%mamp%%htdocs%%openexam-mvc%%apps%%teachers%%views%%partials%%album-list.volt.php:5
[Mon, 03 Mar 14 11:47:54 +0100][ERROR] Undefined variable: tags /Applications/MAMP/htdocs/openexam-mvc/apps/teachers/controllers/IndexController.php:17
[Mon, 03 Mar 14 11:47:54 +0100][ERROR] Undefined variable: tags /Applications/MAMP/htdocs/openexam-mvc/var/volt/%%applications%%mamp%%htdocs%%openexam-mvc%%apps%%teachers%%views%%index%%index.volt.php:9
[Mon, 03 Mar 14 11:47:54 +0100][ERROR] Invalid argument supplied for foreach() /Applications/MAMP/htdocs/openexam-mvc/var/volt/%%applications%%mamp%%htdocs%%openexam-mvc%%apps%%teachers%%views%%index%%index.volt.php:9
[Mon, 03 Mar 14 11:47:54 +0100][ERROR] Undefined variable: albums /Applications/MAMP/htdocs/openexam-mvc/var/volt/%%applications%%mamp%%htdocs%%openexam-mvc%%apps%%teachers%%views%%partials%%album-list.volt.php:5
[Mon, 03 Mar 14 11:47:54 +0100][ERROR] Invalid argument supplied for foreach() /Applications/MAMP/htdocs/openexam-mvc/var/volt/%%applications%%mamp%%htdocs%%openexam-mvc%%apps%%teachers%%views%%partials%%album-list.volt.php:5
[Mon, 03 Mar 14 11:47:54 +0100][ERROR] Undefined variable: tags /Applications/MAMP/htdocs/openexam-mvc/apps/teachers/controllers/IndexController.php:17
[Mon, 03 Mar 14 11:47:54 +0100][ERROR] Undefined variable: tags /Applications/MAMP/htdocs/openexam-mvc/var/volt/%%applications%%mamp%%htdocs%%openexam-mvc%%apps%%teachers%%views%%index%%index.volt.php:9
[Mon, 03 Mar 14 11:47:54 +0100][ERROR] Invalid argument supplied for foreach() /Applications/MAMP/htdocs/openexam-mvc/var/volt/%%applications%%mamp%%htdocs%%openexam-mvc%%apps%%teachers%%views%%index%%index.volt.php:9
[Mon, 03 Mar 14 11:47:54 +0100][ERROR] Undefined variable: albums /Applications/MAMP/htdocs/openexam-mvc/var/volt/%%applications%%mamp%%htdocs%%openexam-mvc%%apps%%teachers%%views%%partials%%album-list.volt.php:5
[Mon, 03 Mar 14 11:47:54 +0100][ERROR] Invalid argument supplied for foreach() /Applications/MAMP/htdocs/openexam-mvc/var/volt/%%applications%%mamp%%htdocs%%openexam-mvc%%apps%%teachers%%views%%partials%%album-list.volt.php:5
[Mon, 03 Mar 14 11:48:16 +0100][ERROR] Trying to get property of non-object /Applications/MAMP/htdocs/openexam-mvc/public/index.php:63
[Mon, 03 Mar 14 11:48:16 +0100][ERROR] Trying to get property of non-object /Applications/MAMP/htdocs/openexam-mvc/public/index.php:63
[Mon, 03 Mar 14 11:48:16 +0100][ERROR] Trying to get property of non-object /Applications/MAMP/htdocs/openexam-mvc/public/index.php:64
[Mon, 03 Mar 14 11:48:16 +0100][ERROR] Trying to get property of non-object /Applications/MAMP/htdocs/openexam-mvc/public/index.php:64
[Mon, 03 Mar 14 11:48:16 +0100][ERROR] Trying to get property of non-object /Applications/MAMP/htdocs/openexam-mvc/public/index.php:65
[Mon, 03 Mar 14 11:48:16 +0100][ERROR] Trying to get property of non-object /Applications/MAMP/htdocs/openexam-mvc/public/index.php:65
[Mon, 03 Mar 14 11:48:16 +0100][ERROR] Trying to get property of non-object /Applications/MAMP/htdocs/openexam-mvc/public/index.php:66
[Mon, 03 Mar 14 11:48:16 +0100][ERROR] Trying to get property of non-object /Applications/MAMP/htdocs/openexam-mvc/public/index.php:66
[Mon, 03 Mar 14 11:51:17 +0100][ERROR] Undefined variable: tags /Applications/MAMP/htdocs/openexam-mvc/apps/teachers/controllers/IndexController.php:17
[Mon, 03 Mar 14 11:51:17 +0100][ERROR] Undefined variable: tags /Applications/MAMP/htdocs/openexam-mvc/var/volt/%%applications%%mamp%%htdocs%%openexam-mvc%%apps%%teachers%%views%%index%%index.volt.php:9
[Mon, 03 Mar 14 11:51:17 +0100][ERROR] Invalid argument supplied for foreach() /Applications/MAMP/htdocs/openexam-mvc/var/volt/%%applications%%mamp%%htdocs%%openexam-mvc%%apps%%teachers%%views%%index%%index.volt.php:9
[Mon, 03 Mar 14 11:51:17 +0100][ERROR] Undefined variable: albums /Applications/MAMP/htdocs/openexam-mvc/var/volt/%%applications%%mamp%%htdocs%%openexam-mvc%%apps%%teachers%%views%%partials%%album-list.volt.php:5
[Mon, 03 Mar 14 11:51:17 +0100][ERROR] Invalid argument supplied for foreach() /Applications/MAMP/htdocs/openexam-mvc/var/volt/%%applications%%mamp%%htdocs%%openexam-mvc%%apps%%teachers%%views%%partials%%album-list.volt.php:5
[Mon, 03 Mar 14 11:52:07 +0100][ERROR] Undefined variable: tags /Applications/MAMP/htdocs/openexam-mvc/apps/teachers/controllers/IndexController.php:17
[Mon, 03 Mar 14 11:52:07 +0100][ERROR] Undefined variable: tags /Applications/MAMP/htdocs/openexam-mvc/var/volt/%%applications%%mamp%%htdocs%%openexam-mvc%%apps%%teachers%%views%%index%%index.volt.php:9
[Mon, 03 Mar 14 11:52:07 +0100][ERROR] Invalid argument supplied for foreach() /Applications/MAMP/htdocs/openexam-mvc/var/volt/%%applications%%mamp%%htdocs%%openexam-mvc%%apps%%teachers%%views%%index%%index.volt.php:9
[Mon, 03 Mar 14 11:52:07 +0100][ERROR] Undefined variable: albums /Applications/MAMP/htdocs/openexam-mvc/var/volt/%%applications%%mamp%%htdocs%%openexam-mvc%%apps%%teachers%%views%%partials%%album-list.volt.php:5
[Mon, 03 Mar 14 11:52:07 +0100][ERROR] Invalid argument supplied for foreach() /Applications/MAMP/htdocs/openexam-mvc/var/volt/%%applications%%mamp%%htdocs%%openexam-mvc%%apps%%teachers%%views%%partials%%album-list.volt.php:5
[Mon, 03 Mar 14 11:52:07 +0100][ERROR] Undefined variable: tags /Applications/MAMP/htdocs/openexam-mvc/apps/teachers/controllers/IndexController.php:17
[Mon, 03 Mar 14 11:52:07 +0100][ERROR] Undefined variable: tags /Applications/MAMP/htdocs/openexam-mvc/var/volt/%%applications%%mamp%%htdocs%%openexam-mvc%%apps%%teachers%%views%%index%%index.volt.php:9
[Mon, 03 Mar 14 11:52:07 +0100][ERROR] Invalid argument supplied for foreach() /Applications/MAMP/htdocs/openexam-mvc/var/volt/%%applications%%mamp%%htdocs%%openexam-mvc%%apps%%teachers%%views%%index%%index.volt.php:9
[Mon, 03 Mar 14 11:52:07 +0100][ERROR] Undefined variable: albums /Applications/MAMP/htdocs/openexam-mvc/var/volt/%%applications%%mamp%%htdocs%%openexam-mvc%%apps%%teachers%%views%%partials%%album-list.volt.php:5
[Mon, 03 Mar 14 11:52:07 +0100][ERROR] Invalid argument supplied for foreach() /Applications/MAMP/htdocs/openexam-mvc/var/volt/%%applications%%mamp%%htdocs%%openexam-mvc%%apps%%teachers%%views%%partials%%album-list.volt.php:5
[Mon, 03 Mar 14 11:52:07 +0100][ERROR] Undefined variable: tags /Applications/MAMP/htdocs/openexam-mvc/apps/teachers/controllers/IndexController.php:17
[Mon, 03 Mar 14 11:52:07 +0100][ERROR] Undefined variable: tags /Applications/MAMP/htdocs/openexam-mvc/var/volt/%%applications%%mamp%%htdocs%%openexam-mvc%%apps%%teachers%%views%%index%%index.volt.php:9
[Mon, 03 Mar 14 11:52:07 +0100][ERROR] Invalid argument supplied for foreach() /Applications/MAMP/htdocs/openexam-mvc/var/volt/%%applications%%mamp%%htdocs%%openexam-mvc%%apps%%teachers%%views%%index%%index.volt.php:9
[Mon, 03 Mar 14 11:52:07 +0100][ERROR] Undefined variable: albums /Applications/MAMP/htdocs/openexam-mvc/var/volt/%%applications%%mamp%%htdocs%%openexam-mvc%%apps%%teachers%%views%%partials%%album-list.volt.php:5
[Mon, 03 Mar 14 11:52:07 +0100][ERROR] Invalid argument supplied for foreach() /Applications/MAMP/htdocs/openexam-mvc/var/volt/%%applications%%mamp%%htdocs%%openexam-mvc%%apps%%teachers%%views%%partials%%album-list.volt.php:5
[Mon, 03 Mar 14 11:52:08 +0100][ERROR] Undefined variable: tags /Applications/MAMP/htdocs/openexam-mvc/apps/teachers/controllers/IndexController.php:17
[Mon, 03 Mar 14 11:52:08 +0100][ERROR] Undefined variable: tags /Applications/MAMP/htdocs/openexam-mvc/var/volt/%%applications%%mamp%%htdocs%%openexam-mvc%%apps%%teachers%%views%%index%%index.volt.php:9
[Mon, 03 Mar 14 11:52:08 +0100][ERROR] Invalid argument supplied for foreach() /Applications/MAMP/htdocs/openexam-mvc/var/volt/%%applications%%mamp%%htdocs%%openexam-mvc%%apps%%teachers%%views%%index%%index.volt.php:9
[Mon, 03 Mar 14 11:52:08 +0100][ERROR] Undefined variable: albums /Applications/MAMP/htdocs/openexam-mvc/var/volt/%%applications%%mamp%%htdocs%%openexam-mvc%%apps%%teachers%%views%%partials%%album-list.volt.php:5
[Mon, 03 Mar 14 11:52:08 +0100][ERROR] Invalid argument supplied for foreach() /Applications/MAMP/htdocs/openexam-mvc/var/volt/%%applications%%mamp%%htdocs%%openexam-mvc%%apps%%teachers%%views%%partials%%album-list.volt.php:5
[Mon, 03 Mar 14 11:57:55 +0100][ERROR] Undefined variable: tags /Applications/MAMP/htdocs/openexam-mvc/var/volt/%%applications%%mamp%%htdocs%%openexam-mvc%%apps%%teachers%%views%%index%%index.volt.php:9
[Mon, 03 Mar 14 11:57:55 +0100][ERROR] Invalid argument supplied for foreach() /Applications/MAMP/htdocs/openexam-mvc/var/volt/%%applications%%mamp%%htdocs%%openexam-mvc%%apps%%teachers%%views%%index%%index.volt.php:9
[Mon, 03 Mar 14 11:57:55 +0100][ERROR] Undefined variable: albums /Applications/MAMP/htdocs/openexam-mvc/var/volt/%%applications%%mamp%%htdocs%%openexam-mvc%%apps%%teachers%%views%%partials%%album-list.volt.php:5
[Mon, 03 Mar 14 11:57:55 +0100][ERROR] Invalid argument supplied for foreach() /Applications/MAMP/htdocs/openexam-mvc/var/volt/%%applications%%mamp%%htdocs%%openexam-mvc%%apps%%teachers%%views%%partials%%album-list.volt.php:5
[Mon, 03 Mar 14 11:57:56 +0100][ERROR] Undefined variable: tags /Applications/MAMP/htdocs/openexam-mvc/var/volt/%%applications%%mamp%%htdocs%%openexam-mvc%%apps%%teachers%%views%%index%%index.volt.php:9
[Mon, 03 Mar 14 11:57:56 +0100][ERROR] Invalid argument supplied for foreach() /Applications/MAMP/htdocs/openexam-mvc/var/volt/%%applications%%mamp%%htdocs%%openexam-mvc%%apps%%teachers%%views%%index%%index.volt.php:9
[Mon, 03 Mar 14 11:57:56 +0100][ERROR] Undefined variable: albums /Applications/MAMP/htdocs/openexam-mvc/var/volt/%%applications%%mamp%%htdocs%%openexam-mvc%%apps%%teachers%%views%%partials%%album-list.volt.php:5
[Mon, 03 Mar 14 11:57:56 +0100][ERROR] Invalid argument supplied for foreach() /Applications/MAMP/htdocs/openexam-mvc/var/volt/%%applications%%mamp%%htdocs%%openexam-mvc%%apps%%teachers%%views%%partials%%album-list.volt.php:5
[Mon, 03 Mar 14 11:57:57 +0100][ERROR] Undefined variable: tags /Applications/MAMP/htdocs/openexam-mvc/var/volt/%%applications%%mamp%%htdocs%%openexam-mvc%%apps%%teachers%%views%%index%%index.volt.php:9
[Mon, 03 Mar 14 11:57:57 +0100][ERROR] Invalid argument supplied for foreach() /Applications/MAMP/htdocs/openexam-mvc/var/volt/%%applications%%mamp%%htdocs%%openexam-mvc%%apps%%teachers%%views%%index%%index.volt.php:9
[Mon, 03 Mar 14 11:57:57 +0100][ERROR] Undefined variable: albums /Applications/MAMP/htdocs/openexam-mvc/var/volt/%%applications%%mamp%%htdocs%%openexam-mvc%%apps%%teachers%%views%%partials%%album-list.volt.php:5
[Mon, 03 Mar 14 11:57:57 +0100][ERROR] Invalid argument supplied for foreach() /Applications/MAMP/htdocs/openexam-mvc/var/volt/%%applications%%mamp%%htdocs%%openexam-mvc%%apps%%teachers%%views%%partials%%album-list.volt.php:5
[Mon, 03 Mar 14 11:57:57 +0100][ERROR] Undefined variable: tags /Applications/MAMP/htdocs/openexam-mvc/var/volt/%%applications%%mamp%%htdocs%%openexam-mvc%%apps%%teachers%%views%%index%%index.volt.php:9
[Mon, 03 Mar 14 11:57:57 +0100][ERROR] Invalid argument supplied for foreach() /Applications/MAMP/htdocs/openexam-mvc/var/volt/%%applications%%mamp%%htdocs%%openexam-mvc%%apps%%teachers%%views%%index%%index.volt.php:9
[Mon, 03 Mar 14 11:57:57 +0100][ERROR] Undefined variable: albums /Applications/MAMP/htdocs/openexam-mvc/var/volt/%%applications%%mamp%%htdocs%%openexam-mvc%%apps%%teachers%%views%%partials%%album-list.volt.php:5
[Mon, 03 Mar 14 11:57:57 +0100][ERROR] Invalid argument supplied for foreach() /Applications/MAMP/htdocs/openexam-mvc/var/volt/%%applications%%mamp%%htdocs%%openexam-mvc%%apps%%teachers%%views%%partials%%album-list.volt.php:5
[Mon, 03 Mar 14 11:57:57 +0100][ERROR] Undefined variable: tags /Applications/MAMP/htdocs/openexam-mvc/var/volt/%%applications%%mamp%%htdocs%%openexam-mvc%%apps%%teachers%%views%%index%%index.volt.php:9
[Mon, 03 Mar 14 11:57:57 +0100][ERROR] Invalid argument supplied for foreach() /Applications/MAMP/htdocs/openexam-mvc/var/volt/%%applications%%mamp%%htdocs%%openexam-mvc%%apps%%teachers%%views%%index%%index.volt.php:9
[Mon, 03 Mar 14 11:57:57 +0100][ERROR] Undefined variable: albums /Applications/MAMP/htdocs/openexam-mvc/var/volt/%%applications%%mamp%%htdocs%%openexam-mvc%%apps%%teachers%%views%%partials%%album-list.volt.php:5
[Mon, 03 Mar 14 11:57:57 +0100][ERROR] Invalid argument supplied for foreach() /Applications/MAMP/htdocs/openexam-mvc/var/volt/%%applications%%mamp%%htdocs%%openexam-mvc%%apps%%teachers%%views%%partials%%album-list.volt.php:5
[Mon, 03 Mar 14 12:02:05 +0100][ERROR] Undefined variable: tags /Applications/MAMP/htdocs/openexam-mvc/var/volt/%%applications%%mamp%%htdocs%%openexam-mvc%%apps%%teachers%%views%%index%%index.volt.php:9
[Mon, 03 Mar 14 12:02:05 +0100][ERROR] Invalid argument supplied for foreach() /Applications/MAMP/htdocs/openexam-mvc/var/volt/%%applications%%mamp%%htdocs%%openexam-mvc%%apps%%teachers%%views%%index%%index.volt.php:9
[Mon, 03 Mar 14 12:02:05 +0100][ERROR] Undefined variable: albums /Applications/MAMP/htdocs/openexam-mvc/var/volt/%%applications%%mamp%%htdocs%%openexam-mvc%%apps%%teachers%%views%%partials%%album-list.volt.php:5
[Mon, 03 Mar 14 12:02:05 +0100][ERROR] Invalid argument supplied for foreach() /Applications/MAMP/htdocs/openexam-mvc/var/volt/%%applications%%mamp%%htdocs%%openexam-mvc%%apps%%teachers%%views%%partials%%album-list.volt.php:5
[Mon, 03 Mar 14 12:02:06 +0100][ERROR] Undefined variable: tags /Applications/MAMP/htdocs/openexam-mvc/var/volt/%%applications%%mamp%%htdocs%%openexam-mvc%%apps%%teachers%%views%%index%%index.volt.php:9
[Mon, 03 Mar 14 12:02:06 +0100][ERROR] Invalid argument supplied for foreach() /Applications/MAMP/htdocs/openexam-mvc/var/volt/%%applications%%mamp%%htdocs%%openexam-mvc%%apps%%teachers%%views%%index%%index.volt.php:9
[Mon, 03 Mar 14 12:02:06 +0100][ERROR] Undefined variable: albums /Applications/MAMP/htdocs/openexam-mvc/var/volt/%%applications%%mamp%%htdocs%%openexam-mvc%%apps%%teachers%%views%%partials%%album-list.volt.php:5
[Mon, 03 Mar 14 12:02:06 +0100][ERROR] Invalid argument supplied for foreach() /Applications/MAMP/htdocs/openexam-mvc/var/volt/%%applications%%mamp%%htdocs%%openexam-mvc%%apps%%teachers%%views%%partials%%album-list.volt.php:5
[Mon, 03 Mar 14 12:02:06 +0100][ERROR] Undefined variable: tags /Applications/MAMP/htdocs/openexam-mvc/var/volt/%%applications%%mamp%%htdocs%%openexam-mvc%%apps%%teachers%%views%%index%%index.volt.php:9
[Mon, 03 Mar 14 12:02:06 +0100][ERROR] Invalid argument supplied for foreach() /Applications/MAMP/htdocs/openexam-mvc/var/volt/%%applications%%mamp%%htdocs%%openexam-mvc%%apps%%teachers%%views%%index%%index.volt.php:9
[Mon, 03 Mar 14 12:02:06 +0100][ERROR] Undefined variable: albums /Applications/MAMP/htdocs/openexam-mvc/var/volt/%%applications%%mamp%%htdocs%%openexam-mvc%%apps%%teachers%%views%%partials%%album-list.volt.php:5
[Mon, 03 Mar 14 12:02:06 +0100][ERROR] Invalid argument supplied for foreach() /Applications/MAMP/htdocs/openexam-mvc/var/volt/%%applications%%mamp%%htdocs%%openexam-mvc%%apps%%teachers%%views%%partials%%album-list.volt.php:5
